

============================== 2023-01-27 17:51:35.732006 | d1978c8b-5c76-402e-ae94-d13b5b3a1319 ==============================
[0m17:51:35.732006 [info ] [MainThread]: Running with dbt=1.4.1
[0m17:51:35.734341 [debug] [MainThread]: running dbt with arguments {'write_json': True, 'use_colors': True, 'printer_width': 80, 'version_check': True, 'partial_parse': True, 'static_parser': True, 'profiles_dir': '/home/qt/.dbt', 'send_anonymous_usage_stats': True, 'quiet': False, 'no_print': False, 'cache_selected_only': False, 'project_name': 'jaffle_shop', 'skip_profile_setup': False, 'which': 'init', 'indirect_selection': 'eager'}
[0m17:51:35.734638 [debug] [MainThread]: Tracking: tracking
[0m17:51:35.736153 [debug] [MainThread]: Sending event: {'category': 'dbt', 'action': 'invocation', 'label': 'start', 'context': [<snowplow_tracker.self_describing_json.SelfDescribingJson object at 0x7fc7d33a6980>, <snowplow_tracker.self_describing_json.SelfDescribingJson object at 0x7fc7d33a61d0>, <snowplow_tracker.self_describing_json.SelfDescribingJson object at 0x7fc7d33a68c0>]}
[0m17:51:35.736696 [info ] [MainThread]: Creating dbt configuration folder at /home/qt/.dbt
[0m17:51:35.738090 [debug] [MainThread]: Starter project path: /home/qt/Documents/learning/dbt-tutorial/lib/python3.10/site-packages/dbt/include/starter_project
[0m17:59:11.800376 [debug] [MainThread]: Sending event: {'category': 'dbt', 'action': 'invocation', 'label': 'end', 'context': [<snowplow_tracker.self_describing_json.SelfDescribingJson object at 0x7fc7d0e62740>, <snowplow_tracker.self_describing_json.SelfDescribingJson object at 0x7fc7d0e61f90>, <snowplow_tracker.self_describing_json.SelfDescribingJson object at 0x7fc7d0e61240>]}
[0m17:59:11.801488 [debug] [MainThread]: Flushing usage events
[0m17:59:12.095611 [error] [MainThread]: Encountered an error:

[0m17:59:12.097292 [error] [MainThread]: Traceback (most recent call last):
  File "/home/qt/Documents/learning/dbt-tutorial/lib/python3.10/site-packages/dbt/main.py", line 135, in main
    results, succeeded = handle_and_check(args)
  File "/home/qt/Documents/learning/dbt-tutorial/lib/python3.10/site-packages/dbt/main.py", line 198, in handle_and_check
    task, res = run_from_args(parsed)
  File "/home/qt/Documents/learning/dbt-tutorial/lib/python3.10/site-packages/dbt/main.py", line 245, in run_from_args
    results = task.run()
  File "/home/qt/Documents/learning/dbt-tutorial/lib/python3.10/site-packages/dbt/task/init.py", line 305, in run
    self.create_profile_from_target(adapter, profile_name=project_name)
  File "/home/qt/Documents/learning/dbt-tutorial/lib/python3.10/site-packages/dbt/task/init.py", line 180, in create_profile_from_target
    self.create_profile_from_profile_template(profile_template, profile_name)
  File "/home/qt/Documents/learning/dbt-tutorial/lib/python3.10/site-packages/dbt/task/init.py", line 164, in create_profile_from_profile_template
    target = self.generate_target_from_input(prompts, initial_target)
  File "/home/qt/Documents/learning/dbt-tutorial/lib/python3.10/site-packages/dbt/task/init.py", line 130, in generate_target_from_input
    target[key] = click.prompt(
  File "/home/qt/Documents/learning/dbt-tutorial/lib/python3.10/site-packages/click/termui.py", line 166, in prompt
    value = prompt_func(prompt)
  File "/home/qt/Documents/learning/dbt-tutorial/lib/python3.10/site-packages/click/termui.py", line 149, in prompt_func
    raise Abort() from None
click.exceptions.Abort



============================== 2023-01-27 17:59:18.376607 | dfed9371-a4e6-4258-b3be-4bf5069b1a39 ==============================
[0m17:59:18.376607 [info ] [MainThread]: Running with dbt=1.4.1
[0m17:59:18.378961 [debug] [MainThread]: running dbt with arguments {'write_json': True, 'use_colors': True, 'printer_width': 80, 'version_check': True, 'partial_parse': True, 'static_parser': True, 'profiles_dir': '/home/qt/.dbt', 'send_anonymous_usage_stats': True, 'quiet': False, 'no_print': False, 'cache_selected_only': False, 'project_name': 'jaffle_shop', 'skip_profile_setup': False, 'which': 'init', 'indirect_selection': 'eager'}
[0m17:59:18.379284 [debug] [MainThread]: Tracking: tracking
[0m17:59:18.380897 [debug] [MainThread]: Sending event: {'category': 'dbt', 'action': 'invocation', 'label': 'start', 'context': [<snowplow_tracker.self_describing_json.SelfDescribingJson object at 0x7f973fdd68f0>, <snowplow_tracker.self_describing_json.SelfDescribingJson object at 0x7f973fdd5ab0>, <snowplow_tracker.self_describing_json.SelfDescribingJson object at 0x7f973fdd63b0>]}
[0m17:59:18.382243 [info ] [MainThread]: A project called jaffle_shop already exists here.
[0m17:59:18.382707 [debug] [MainThread]: Sending event: {'category': 'dbt', 'action': 'invocation', 'label': 'end', 'context': [<snowplow_tracker.self_describing_json.SelfDescribingJson object at 0x7f973fdd5ab0>, <snowplow_tracker.self_describing_json.SelfDescribingJson object at 0x7f973fdd73a0>, <snowplow_tracker.self_describing_json.SelfDescribingJson object at 0x7f973fdd66b0>]}
[0m17:59:18.383082 [debug] [MainThread]: Flushing usage events


============================== 2023-01-29 06:00:18.806833 | e39b7010-ce44-4fe7-a233-4bed60a59f18 ==============================
[0m06:00:18.806833 [info ] [MainThread]: Running with dbt=1.4.1
[0m06:00:18.809257 [debug] [MainThread]: running dbt with arguments {'write_json': True, 'use_colors': True, 'printer_width': 80, 'version_check': True, 'partial_parse': True, 'static_parser': True, 'profiles_dir': '/home/qt/.dbt', 'send_anonymous_usage_stats': True, 'quiet': False, 'no_print': False, 'cache_selected_only': False, 'config_dir': False, 'which': 'debug', 'indirect_selection': 'eager'}
[0m06:00:18.809667 [debug] [MainThread]: Tracking: tracking
[0m06:00:18.811478 [debug] [MainThread]: Sending event: {'category': 'dbt', 'action': 'invocation', 'label': 'start', 'context': [<snowplow_tracker.self_describing_json.SelfDescribingJson object at 0x7f27d9bb6a70>, <snowplow_tracker.self_describing_json.SelfDescribingJson object at 0x7f27d9bb62c0>, <snowplow_tracker.self_describing_json.SelfDescribingJson object at 0x7f27d9bb69b0>]}
[0m06:00:18.812283 [debug] [MainThread]: Executing "git --help"
[0m06:00:18.814648 [debug] [MainThread]: STDOUT: "b"usage: git [--version] [--help] [-C <path>] [-c <name>=<value>]\n           [--exec-path[=<path>]] [--html-path] [--man-path] [--info-path]\n           [-p | --paginate | -P | --no-pager] [--no-replace-objects] [--bare]\n           [--git-dir=<path>] [--work-tree=<path>] [--namespace=<name>]\n           [--super-prefix=<path>] [--config-env=<name>=<envvar>]\n           <command> [<args>]\n\nThese are common Git commands used in various situations:\n\nstart a working area (see also: git help tutorial)\n   clone     Clone a repository into a new directory\n   init      Create an empty Git repository or reinitialize an existing one\n\nwork on the current change (see also: git help everyday)\n   add       Add file contents to the index\n   mv        Move or rename a file, a directory, or a symlink\n   restore   Restore working tree files\n   rm        Remove files from the working tree and from the index\n\nexamine the history and state (see also: git help revisions)\n   bisect    Use binary search to find the commit that introduced a bug\n   diff      Show changes between commits, commit and working tree, etc\n   grep      Print lines matching a pattern\n   log       Show commit logs\n   show      Show various types of objects\n   status    Show the working tree status\n\ngrow, mark and tweak your common history\n   branch    List, create, or delete branches\n   commit    Record changes to the repository\n   merge     Join two or more development histories together\n   rebase    Reapply commits on top of another base tip\n   reset     Reset current HEAD to the specified state\n   switch    Switch branches\n   tag       Create, list, delete or verify a tag object signed with GPG\n\ncollaborate (see also: git help workflows)\n   fetch     Download objects and refs from another repository\n   pull      Fetch from and integrate with another repository or a local branch\n   push      Update remote refs along with associated objects\n\n'git help -a' and 'git help -g' list available subcommands and some\nconcept guides. See 'git help <command>' or 'git help <concept>'\nto read about a specific subcommand or concept.\nSee 'git help git' for an overview of the system.\n""
[0m06:00:18.815168 [debug] [MainThread]: STDERR: "b''"
[0m06:00:18.815750 [debug] [MainThread]: Sending event: {'category': 'dbt', 'action': 'invocation', 'label': 'end', 'context': [<snowplow_tracker.self_describing_json.SelfDescribingJson object at 0x7f27d9bb6a70>, <snowplow_tracker.self_describing_json.SelfDescribingJson object at 0x7f27d9bb5540>, <snowplow_tracker.self_describing_json.SelfDescribingJson object at 0x7f27d9bb5300>]}
[0m06:00:18.816247 [debug] [MainThread]: Flushing usage events
